Removed Pin From Net: NetName=Iout Pin=R23-1
Change Component Comment : Designator=R21 Old Comment=* New Comment=1k
Change Component Comment : Designator=R45 Old Comment=* New Comment=1k
Change Component Comment : Designator=R51 Old Comment=* New Comment=2.2k
Change Component Comment : Designator=R25 Old Comment=* New Comment=2.4k
Change Component Comment : Designator=R76 Old Comment=* New Comment=100M
Change Component Comment : Designator=R93 Old Comment=* New Comment=100M
Change Component Comment : Designator=R12 Old Comment=* New Comment=200k
Change Component Comment : Designator=R92 Old Comment=2.4k New Comment=0
Change Component Comment : Designator=R77 Old Comment=2.4k New Comment=1.5k
Change Component Comment : Designator=R85 Old Comment=2.4k New Comment=20k
Change Component Comment : Designator=R73 Old Comment=2.4k New Comment=220
Change Component Comment : Designator=R94 Old Comment=2.4k New Comment=470
Change Component Comment : Designator=R27 Old Comment=2.4k New Comment=510
Change Component Comment : Designator=R31 Old Comment=3.3k New Comment=100
Change Component Comment : Designator=R37 Old Comment=4k New Comment=1k
Change Component Comment : Designator=R41 Old Comment=51k New Comment=1k
Change Component Comment : Designator=R39 Old Comment=600 New Comment=0
Change component parameters: Designator = "R12" ("R12"); Footprint = "res0805"; UniqueID = "\ZPPTHMZG" ("\ZPPTHMZG")
Change component parameters (AddParameter): Name = "AddToBOM"; Value = ""; VariantName = "[No Variations]"
Change component parameters (AddParameter): Name = "Analog"; Value = ""; VariantName = "[No Variations]"
Change component parameters (AddParameter): Name = "Group"; Value = "Резисторы"; VariantName = "[No Variations]"
Change component parameters (AddParameter): Name = "NoteBOM"; Value = ""; VariantName = "[No Variations]"
Change component parameters (AddParameter): Name = "NPads"; Value = "2"; VariantName = "[No Variations]"
Change component parameters (AddParameter): Name = "Package"; Value = "SMD 0805"; VariantName = "[No Variations]"
Change component parameters (AddParameter): Name = "Part Number"; Value = "res0805"; VariantName = "[No Variations]"
Change component parameters (AddParameter): Name = "SType"; Value = "SMD"; VariantName = "[No Variations]"
Change component parameters (AddParameter): Name = "Tolerance"; Value = ""; VariantName = "[No Variations]"
Change component parameters (AddParameter): Name = "ValueSCH"; Value = "200k"; VariantName = "[No Variations]"
Change component parameters (AddParameter): Name = "Voltage"; Value = ""; VariantName = "[No Variations]"
Change component parameters: Designator = "R21" ("R21"); Footprint = "res0805"; UniqueID = "\SRRRTVIQ" ("\SRRRTVIQ")
Change component parameters (AddParameter): Name = "AddToBOM"; Value = ""; VariantName = "[No Variations]"
Change component parameters (AddParameter): Name = "Analog"; Value = ""; VariantName = "[No Variations]"
Change component parameters (AddParameter): Name = "Group"; Value = "Резисторы"; VariantName = "[No Variations]"
Change component parameters (AddParameter): Name = "NoteBOM"; Value = ""; VariantName = "[No Variations]"
Change component parameters (AddParameter): Name = "NPads"; Value = "2"; VariantName = "[No Variations]"
Change component parameters (AddParameter): Name = "Package"; Value = "SMD 0805"; VariantName = "[No Variations]"
Change component parameters (AddParameter): Name = "Part Number"; Value = "res0805"; VariantName = "[No Variations]"
Change component parameters (AddParameter): Name = "SType"; Value = "SMD"; VariantName = "[No Variations]"
Change component parameters (AddParameter): Name = "Tolerance"; Value = ""; VariantName = "[No Variations]"
Change component parameters (AddParameter): Name = "ValueSCH"; Value = "1k"; VariantName = "[No Variations]"
Change component parameters (AddParameter): Name = "Voltage"; Value = ""; VariantName = "[No Variations]"
Change component parameters: Designator = "R25" ("R25"); Footprint = "res0805"; UniqueID = "\XNRQEMQW" ("\XNRQEMQW")
Change component parameters (AddParameter): Name = "AddToBOM"; Value = ""; VariantName = "[No Variations]"
Change component parameters (AddParameter): Name = "Analog"; Value = ""; VariantName = "[No Variations]"
Change component parameters (AddParameter): Name = "Group"; Value = "Резисторы"; VariantName = "[No Variations]"
Change component parameters (AddParameter): Name = "NoteBOM"; Value = ""; VariantName = "[No Variations]"
Change component parameters (AddParameter): Name = "NPads"; Value = "2"; VariantName = "[No Variations]"
Change component parameters (AddParameter): Name = "Package"; Value = "SMD 0805"; VariantName = "[No Variations]"
Change component parameters (AddParameter): Name = "Part Number"; Value = "res0805"; VariantName = "[No Variations]"
Change component parameters (AddParameter): Name = "SType"; Value = "SMD"; VariantName = "[No Variations]"
Change component parameters (AddParameter): Name = "Tolerance"; Value = ""; VariantName = "[No Variations]"
Change component parameters (AddParameter): Name = "ValueSCH"; Value = "2.4k"; VariantName = "[No Variations]"
Change component parameters (AddParameter): Name = "Voltage"; Value = ""; VariantName = "[No Variations]"
Change component parameters: Designator = "R27" ("R27"); Footprint = "res0805"; UniqueID = "\UBAJEYGA" ("\UBAJEYGA")
Change component parameters (AddParameter): Name = "AddToBOM"; Value = ""; VariantName = "[No Variations]"
Change component parameters (AddParameter): Name = "Analog"; Value = ""; VariantName = "[No Variations]"
Change component parameters (AddParameter): Name = "Group"; Value = "Резисторы"; VariantName = "[No Variations]"
Change component parameters (AddParameter): Name = "NoteBOM"; Value = ""; VariantName = "[No Variations]"
Change component parameters (AddParameter): Name = "NPads"; Value = "2"; VariantName = "[No Variations]"
Change component parameters (AddParameter): Name = "Package"; Value = "SMD 0805"; VariantName = "[No Variations]"
Change component parameters (AddParameter): Name = "Part Number"; Value = "res0805"; VariantName = "[No Variations]"
Change component parameters (AddParameter): Name = "SType"; Value = "SMD"; VariantName = "[No Variations]"
Change component parameters (AddParameter): Name = "Tolerance"; Value = ""; VariantName = "[No Variations]"
Change component parameters (AddParameter): Name = "ValueSCH"; Value = "510"; VariantName = "[No Variations]"
Change component parameters (AddParameter): Name = "Voltage"; Value = ""; VariantName = "[No Variations]"
Change component parameters: Designator = "R31" ("R31"); Footprint = "res0805"; UniqueID = "\VWAZPDPC" ("\VWAZPDPC")
Change component parameters (AddParameter): Name = "AddToBOM"; Value = ""; VariantName = "[No Variations]"
Change component parameters (AddParameter): Name = "Analog"; Value = ""; VariantName = "[No Variations]"
Change component parameters (AddParameter): Name = "Group"; Value = "Резисторы"; VariantName = "[No Variations]"
Change component parameters (AddParameter): Name = "NoteBOM"; Value = ""; VariantName = "[No Variations]"
Change component parameters (AddParameter): Name = "NPads"; Value = "2"; VariantName = "[No Variations]"
Change component parameters (AddParameter): Name = "Package"; Value = "SMD 0805"; VariantName = "[No Variations]"
Change component parameters (AddParameter): Name = "Part Number"; Value = "res0805"; VariantName = "[No Variations]"
Change component parameters (AddParameter): Name = "SType"; Value = "SMD"; VariantName = "[No Variations]"
Change component parameters (AddParameter): Name = "Tolerance"; Value = ""; VariantName = "[No Variations]"
Change component parameters (AddParameter): Name = "ValueSCH"; Value = "100"; VariantName = "[No Variations]"
Change component parameters (AddParameter): Name = "Voltage"; Value = ""; VariantName = "[No Variations]"
Change component parameters: Designator = "R37" ("R37"); Footprint = "res0805"; UniqueID = "\EGVLBVTP" ("\EGVLBVTP")
Change component parameters (AddParameter): Name = "AddToBOM"; Value = ""; VariantName = "[No Variations]"
Change component parameters (AddParameter): Name = "Analog"; Value = ""; VariantName = "[No Variations]"
Change component parameters (AddParameter): Name = "Group"; Value = "Резисторы"; VariantName = "[No Variations]"
Change component parameters (AddParameter): Name = "NoteBOM"; Value = ""; VariantName = "[No Variations]"
Change component parameters (AddParameter): Name = "NPads"; Value = "2"; VariantName = "[No Variations]"
Change component parameters (AddParameter): Name = "Package"; Value = "SMD 0805"; VariantName = "[No Variations]"
Change component parameters (AddParameter): Name = "Part Number"; Value = "res0805"; VariantName = "[No Variations]"
Change component parameters (AddParameter): Name = "SType"; Value = "SMD"; VariantName = "[No Variations]"
Change component parameters (AddParameter): Name = "Tolerance"; Value = ""; VariantName = "[No Variations]"
Change component parameters (AddParameter): Name = "ValueSCH"; Value = "1k"; VariantName = "[No Variations]"
Change component parameters (AddParameter): Name = "Voltage"; Value = ""; VariantName = "[No Variations]"
Change component parameters: Designator = "R39" ("R39"); Footprint = "res0805"; UniqueID = "\EQWAMUMR" ("\EQWAMUMR")
Change component parameters (AddParameter): Name = "AddToBOM"; Value = ""; VariantName = "[No Variations]"
Change component parameters (AddParameter): Name = "Analog"; Value = ""; VariantName = "[No Variations]"
Change component parameters (AddParameter): Name = "Group"; Value = "Резисторы"; VariantName = "[No Variations]"
Change component parameters (AddParameter): Name = "NoteBOM"; Value = ""; VariantName = "[No Variations]"
Change component parameters (AddParameter): Name = "NPads"; Value = "2"; VariantName = "[No Variations]"
Change component parameters (AddParameter): Name = "Package"; Value = "SMD 0805"; VariantName = "[No Variations]"
Change component parameters (AddParameter): Name = "Part Number"; Value = "res0805"; VariantName = "[No Variations]"
Change component parameters (AddParameter): Name = "SType"; Value = "SMD"; VariantName = "[No Variations]"
Change component parameters (AddParameter): Name = "Tolerance"; Value = ""; VariantName = "[No Variations]"
Change component parameters (AddParameter): Name = "ValueSCH"; Value = "0"; VariantName = "[No Variations]"
Change component parameters (AddParameter): Name = "Voltage"; Value = ""; VariantName = "[No Variations]"
Change component parameters: Designator = "R41" ("R41"); Footprint = "res0805"; UniqueID = "\FMPDGXKY" ("\FMPDGXKY")
Change component parameters (AddParameter): Name = "AddToBOM"; Value = ""; VariantName = "[No Variations]"
Change component parameters (AddParameter): Name = "Analog"; Value = ""; VariantName = "[No Variations]"
Change component parameters (AddParameter): Name = "Group"; Value = "Резисторы"; VariantName = "[No Variations]"
Change component parameters (AddParameter): Name = "NoteBOM"; Value = ""; VariantName = "[No Variations]"
Change component parameters (AddParameter): Name = "NPads"; Value = "2"; VariantName = "[No Variations]"
Change component parameters (AddParameter): Name = "Package"; Value = "SMD 0805"; VariantName = "[No Variations]"
Change component parameters (AddParameter): Name = "Part Number"; Value = "res0805"; VariantName = "[No Variations]"
Change component parameters (AddParameter): Name = "SType"; Value = "SMD"; VariantName = "[No Variations]"
Change component parameters (AddParameter): Name = "Tolerance"; Value = ""; VariantName = "[No Variations]"
Change component parameters (AddParameter): Name = "ValueSCH"; Value = "1k"; VariantName = "[No Variations]"
Change component parameters (AddParameter): Name = "Voltage"; Value = ""; VariantName = "[No Variations]"
Change component parameters: Designator = "R45" ("R45"); Footprint = "res0805"; UniqueID = "\EOQCUHFY" ("\EOQCUHFY")
Change component parameters (AddParameter): Name = "AddToBOM"; Value = ""; VariantName = "[No Variations]"
Change component parameters (AddParameter): Name = "Analog"; Value = ""; VariantName = "[No Variations]"
Change component parameters (AddParameter): Name = "Group"; Value = "Резисторы"; VariantName = "[No Variations]"
Change component parameters (AddParameter): Name = "NoteBOM"; Value = ""; VariantName = "[No Variations]"
Change component parameters (AddParameter): Name = "NPads"; Value = "2"; VariantName = "[No Variations]"
Change component parameters (AddParameter): Name = "Package"; Value = "SMD 0805"; VariantName = "[No Variations]"
Change component parameters (AddParameter): Name = "Part Number"; Value = "res0805"; VariantName = "[No Variations]"
Change component parameters (AddParameter): Name = "SType"; Value = "SMD"; VariantName = "[No Variations]"
Change component parameters (AddParameter): Name = "Tolerance"; Value = ""; VariantName = "[No Variations]"
Change component parameters (AddParameter): Name = "ValueSCH"; Value = "1k"; VariantName = "[No Variations]"
Change component parameters (AddParameter): Name = "Voltage"; Value = ""; VariantName = "[No Variations]"
Change component parameters: Designator = "R51" ("R51"); Footprint = "res0805"; UniqueID = "\VGLAFIGF" ("\VGLAFIGF")
Change component parameters (AddParameter): Name = "AddToBOM"; Value = ""; VariantName = "[No Variations]"
Change component parameters (AddParameter): Name = "Analog"; Value = ""; VariantName = "[No Variations]"
Change component parameters (AddParameter): Name = "Group"; Value = "Резисторы"; VariantName = "[No Variations]"
Change component parameters (AddParameter): Name = "NoteBOM"; Value = ""; VariantName = "[No Variations]"
Change component parameters (AddParameter): Name = "NPads"; Value = "2"; VariantName = "[No Variations]"
Change component parameters (AddParameter): Name = "Package"; Value = "SMD 0805"; VariantName = "[No Variations]"
Change component parameters (AddParameter): Name = "Part Number"; Value = "res0805"; VariantName = "[No Variations]"
Change component parameters (AddParameter): Name = "SType"; Value = "SMD"; VariantName = "[No Variations]"
Change component parameters (AddParameter): Name = "Tolerance"; Value = ""; VariantName = "[No Variations]"
Change component parameters (AddParameter): Name = "ValueSCH"; Value = "2.2k"; VariantName = "[No Variations]"
Change component parameters (AddParameter): Name = "Voltage"; Value = ""; VariantName = "[No Variations]"
Change component parameters: Designator = "R73" ("R73"); Footprint = "res0805"; UniqueID = "\UVDUEHOU" ("\UVDUEHOU")
Change component parameters (AddParameter): Name = "AddToBOM"; Value = ""; VariantName = "[No Variations]"
Change component parameters (AddParameter): Name = "Analog"; Value = ""; VariantName = "[No Variations]"
Change component parameters (AddParameter): Name = "Group"; Value = "Резисторы"; VariantName = "[No Variations]"
Change component parameters (AddParameter): Name = "NoteBOM"; Value = ""; VariantName = "[No Variations]"
Change component parameters (AddParameter): Name = "NPads"; Value = "2"; VariantName = "[No Variations]"
Change component parameters (AddParameter): Name = "Package"; Value = "SMD 0805"; VariantName = "[No Variations]"
Change component parameters (AddParameter): Name = "Part Number"; Value = "res0805"; VariantName = "[No Variations]"
Change component parameters (AddParameter): Name = "SType"; Value = "SMD"; VariantName = "[No Variations]"
Change component parameters (AddParameter): Name = "Tolerance"; Value = ""; VariantName = "[No Variations]"
Change component parameters (AddParameter): Name = "ValueSCH"; Value = "220"; VariantName = "[No Variations]"
Change component parameters (AddParameter): Name = "Voltage"; Value = ""; VariantName = "[No Variations]"
Change component parameters: Designator = "R76" ("R76"); Footprint = "res0805"; UniqueID = "\RSXBPNCV" ("\RSXBPNCV")
Change component parameters (AddParameter): Name = "AddToBOM"; Value = ""; VariantName = "[No Variations]"
Change component parameters (AddParameter): Name = "Analog"; Value = ""; VariantName = "[No Variations]"
Change component parameters (AddParameter): Name = "Group"; Value = "Резисторы"; VariantName = "[No Variations]"
Change component parameters (AddParameter): Name = "NoteBOM"; Value = ""; VariantName = "[No Variations]"
Change component parameters (AddParameter): Name = "NPads"; Value = "2"; VariantName = "[No Variations]"
Change component parameters (AddParameter): Name = "Package"; Value = "SMD 0805"; VariantName = "[No Variations]"
Change component parameters (AddParameter): Name = "Part Number"; Value = "res0805"; VariantName = "[No Variations]"
Change component parameters (AddParameter): Name = "SType"; Value = "SMD"; VariantName = "[No Variations]"
Change component parameters (AddParameter): Name = "Tolerance"; Value = ""; VariantName = "[No Variations]"
Change component parameters (AddParameter): Name = "ValueSCH"; Value = "100M"; VariantName = "[No Variations]"
Change component parameters (AddParameter): Name = "Voltage"; Value = ""; VariantName = "[No Variations]"
Change component parameters: Designator = "R77" ("R77"); Footprint = "res0805"; UniqueID = "\QZKHHOZA" ("\QZKHHOZA")
Change component parameters (AddParameter): Name = "AddToBOM"; Value = ""; VariantName = "[No Variations]"
Change component parameters (AddParameter): Name = "Analog"; Value = ""; VariantName = "[No Variations]"
Change component parameters (AddParameter): Name = "Group"; Value = "Резисторы"; VariantName = "[No Variations]"
Change component parameters (AddParameter): Name = "NoteBOM"; Value = ""; VariantName = "[No Variations]"
Change component parameters (AddParameter): Name = "NPads"; Value = "2"; VariantName = "[No Variations]"
Change component parameters (AddParameter): Name = "Package"; Value = "SMD 0805"; VariantName = "[No Variations]"
Change component parameters (AddParameter): Name = "Part Number"; Value = "res0805"; VariantName = "[No Variations]"
Change component parameters (AddParameter): Name = "SType"; Value = "SMD"; VariantName = "[No Variations]"
Change component parameters (AddParameter): Name = "Tolerance"; Value = ""; VariantName = "[No Variations]"
Change component parameters (AddParameter): Name = "ValueSCH"; Value = "1.5k"; VariantName = "[No Variations]"
Change component parameters (AddParameter): Name = "Voltage"; Value = ""; VariantName = "[No Variations]"
Change component parameters: Designator = "R85" ("R85"); Footprint = "res0805"; UniqueID = "\GIIPULCE" ("\GIIPULCE")
Change component parameters (AddParameter): Name = "AddToBOM"; Value = ""; VariantName = "[No Variations]"
Change component parameters (AddParameter): Name = "Analog"; Value = ""; VariantName = "[No Variations]"
Change component parameters (AddParameter): Name = "Group"; Value = "Резисторы"; VariantName = "[No Variations]"
Change component parameters (AddParameter): Name = "NoteBOM"; Value = ""; VariantName = "[No Variations]"
Change component parameters (AddParameter): Name = "NPads"; Value = "2"; VariantName = "[No Variations]"
Change component parameters (AddParameter): Name = "Package"; Value = "SMD 0805"; VariantName = "[No Variations]"
Change component parameters (AddParameter): Name = "Part Number"; Value = "res0805"; VariantName = "[No Variations]"
Change component parameters (AddParameter): Name = "SType"; Value = "SMD"; VariantName = "[No Variations]"
Change component parameters (AddParameter): Name = "Tolerance"; Value = ""; VariantName = "[No Variations]"
Change component parameters (AddParameter): Name = "ValueSCH"; Value = "20k"; VariantName = "[No Variations]"
Change component parameters (AddParameter): Name = "Voltage"; Value = ""; VariantName = "[No Variations]"
Change component parameters: Designator = "R92" ("R92"); Footprint = "res0805"; UniqueID = "\RNTAPRTW" ("\RNTAPRTW")
Change component parameters (AddParameter): Name = "AddToBOM"; Value = ""; VariantName = "[No Variations]"
Change component parameters (AddParameter): Name = "Analog"; Value = ""; VariantName = "[No Variations]"
Change component parameters (AddParameter): Name = "Group"; Value = "Резисторы"; VariantName = "[No Variations]"
Change component parameters (AddParameter): Name = "NoteBOM"; Value = ""; VariantName = "[No Variations]"
Change component parameters (AddParameter): Name = "NPads"; Value = "2"; VariantName = "[No Variations]"
Change component parameters (AddParameter): Name = "Package"; Value = "SMD 0805"; VariantName = "[No Variations]"
Change component parameters (AddParameter): Name = "Part Number"; Value = "res0805"; VariantName = "[No Variations]"
Change component parameters (AddParameter): Name = "SType"; Value = "SMD"; VariantName = "[No Variations]"
Change component parameters (AddParameter): Name = "Tolerance"; Value = ""; VariantName = "[No Variations]"
Change component parameters (AddParameter): Name = "ValueSCH"; Value = "0"; VariantName = "[No Variations]"
Change component parameters (AddParameter): Name = "Voltage"; Value = ""; VariantName = "[No Variations]"
Change component parameters: Designator = "R93" ("R93"); Footprint = "res0805"; UniqueID = "\BUGNPLYH" ("\BUGNPLYH")
Change component parameters (AddParameter): Name = "AddToBOM"; Value = ""; VariantName = "[No Variations]"
Change component parameters (AddParameter): Name = "Analog"; Value = ""; VariantName = "[No Variations]"
Change component parameters (AddParameter): Name = "Group"; Value = "Резисторы"; VariantName = "[No Variations]"
Change component parameters (AddParameter): Name = "NoteBOM"; Value = ""; VariantName = "[No Variations]"
Change component parameters (AddParameter): Name = "NPads"; Value = "2"; VariantName = "[No Variations]"
Change component parameters (AddParameter): Name = "Package"; Value = "SMD 0805"; VariantName = "[No Variations]"
Change component parameters (AddParameter): Name = "Part Number"; Value = "res0805"; VariantName = "[No Variations]"
Change component parameters (AddParameter): Name = "SType"; Value = "SMD"; VariantName = "[No Variations]"
Change component parameters (AddParameter): Name = "Tolerance"; Value = ""; VariantName = "[No Variations]"
Change component parameters (AddParameter): Name = "ValueSCH"; Value = "100M"; VariantName = "[No Variations]"
Change component parameters (AddParameter): Name = "Voltage"; Value = ""; VariantName = "[No Variations]"
Change component parameters: Designator = "R94" ("R94"); Footprint = "res0805"; UniqueID = "\RIMMOBBM" ("\RIMMOBBM")
Change component parameters (AddParameter): Name = "AddToBOM"; Value = ""; VariantName = "[No Variations]"
Change component parameters (AddParameter): Name = "Analog"; Value = ""; VariantName = "[No Variations]"
Change component parameters (AddParameter): Name = "Group"; Value = "Резисторы"; VariantName = "[No Variations]"
Change component parameters (AddParameter): Name = "NoteBOM"; Value = ""; VariantName = "[No Variations]"
Change component parameters (AddParameter): Name = "NPads"; Value = "2"; VariantName = "[No Variations]"
Change component parameters (AddParameter): Name = "Package"; Value = "SMD 0805"; VariantName = "[No Variations]"
Change component parameters (AddParameter): Name = "Part Number"; Value = "res0805"; VariantName = "[No Variations]"
Change component parameters (AddParameter): Name = "SType"; Value = "SMD"; VariantName = "[No Variations]"
Change component parameters (AddParameter): Name = "Tolerance"; Value = ""; VariantName = "[No Variations]"
Change component parameters (AddParameter): Name = "ValueSCH"; Value = "470"; VariantName = "[No Variations]"
Change component parameters (AddParameter): Name = "Voltage"; Value = ""; VariantName = "[No Variations]"
Add component: Footprint Not Found cap0805
Add component: Footprint Not Found cap0805
Added Component: Designator=DD?(SO-8)
Add component (AddParameter): Name = "Analog"; Value = ""; VariantName = "[No Variations]"
Add component (AddParameter): Name = "Group"; Value = "Микросхемы"; VariantName = "[No Variations]"
Add component (AddParameter): Name = "HelpURL"; Value = ""; VariantName = "[No Variations]"
Add component (AddParameter): Name = "NoteBOM"; Value = ""; VariantName = "[No Variations]"
Add component (AddParameter): Name = "NPads"; Value = "8"; VariantName = "[No Variations]"
Add component (AddParameter): Name = "Package"; Value = "SO-8"; VariantName = "[No Variations]"
Add component (AddParameter): Name = "Part Number"; Value = "NE555DR"; VariantName = "[No Variations]"
Add component (AddParameter): Name = "SType"; Value = "SMD"; VariantName = "[No Variations]"
Add component (AddParameter): Name = "Tolerance"; Value = ""; VariantName = "[No Variations]"
Add component (AddParameter): Name = "ValueSCH"; Value = "NE555DR"; VariantName = "[No Variations]"
Add component (AddParameter): Name = "Voltage"; Value = ""; VariantName = "[No Variations]"
Add component: Footprint Not Found res0805
Add component: Footprint Not Found res0805
Add component: Footprint Not Found res0805
Add component: Footprint Not Found SOT23
Add Pin To Net: Unknown Pin: Pin C?-2
Add Pin To Net: Unknown Pin: Pin C?-2
Added Pin To Net: NetName=Idig Pin=DD2-4
Added Pin To Net: NetName=GND Pin=DD?-1
Added Pin To Net: NetName=GND Pin=DD?-6
Add Pin To Net: Unknown Pin: Pin R*-1
Add Pin To Net: Unknown Pin: Pin R*-2
Add Pin To Net: Unknown Pin: Pin VD*-1
Add Pin To Net: Unknown Pin: Pin VD*-3
Added Pin To Net: NetName=NetC?_1 Pin=DD?-5
Added Net: Name=NetC?_1
Add Net: Net with name "NetC?_1" already exists
Added Pin To Net: NetName=NetDD?_2 Pin=DD?-2
Added Net: Name=NetDD?_2
Added Pin To Net: NetName=NetDD?_8 Pin=DD?-8
Added Net: Name=NetDD?_8
Added Pin To Net: NetName=NetR23_1 Pin=R23-1
Added Net: Name=NetR23_1
